[2026-02-24 00:20:47] [INFO ] (src/main.c:18) === File Encryption Application starting ===
[2026-02-24 00:20:47] [INFO ] (src/main.c:19) AES mode: AES-256-GCM with random IV
[2026-02-24 00:20:48] [INFO ] (src/ui.c:640) Application window created and presented
[2026-02-24 00:21:02] [INFO ] (src/ui.c:192) Input path stored: C:\Users\HP\OneDrive\图片\station.jpg
[2026-02-24 00:21:12] [INFO ] (src/ui.c:244) Output path stored: C:\Users\HP\OneDrive\图片\station.jpg
[2026-02-24 00:21:17] [INFO ] (src/ui.c:144) Action selected: Encrypt
[2026-02-24 00:21:28] [INFO ] (src/file_handler.c:128) Opened for reading: C:\Users\HP\OneDrive\图片\station.jpg
[2026-02-24 00:21:28] [INFO ] (src/file_handler.c:149) Opened for overwrite (rb+): C:\Users\HP\OneDrive\图片\station.jpg
[2026-02-24 00:21:28] [INFO ] (src/ui.c:361) Running Encrypt with AES-256-GCM
[2026-02-24 00:21:28] [INFO ] (src/crypto_dispatcher.c:66) crypto_dispatch: algorithm='AES-256-GCM'  action='Encrypt'
[2026-02-24 00:21:28] [INFO ] (src/aes_gcm.c:64) aes_gcm_derive_key: key derived via SHA-256
[2026-02-24 00:21:28] [INFO ] (src/aes_gcm.c:174) aes_gcm_encrypt: completed successfully
[2026-02-24 00:21:28] [INFO ] (src/ui.c:375) Operation succeeded: C:\Users\HP\OneDrive\图片\station.jpg -> C:\Users\HP\OneDrive\图片\station.jpg
[2026-02-24 00:21:52] [INFO ] (src/ui.c:430) UI cleared
[2026-02-24 00:22:00] [INFO ] (src/ui.c:192) Input path stored: C:\Users\HP\OneDrive\图片\station.jpg
[2026-02-24 00:22:09] [INFO ] (src/ui.c:244) Output path stored: C:\Users\HP\OneDrive\图片\station.jpg
[2026-02-24 00:22:15] [INFO ] (src/ui.c:144) Action selected: Decrypt
[2026-02-24 00:22:21] [INFO ] (src/file_handler.c:128) Opened for reading: C:\Users\HP\OneDrive\图片\station.jpg
[2026-02-24 00:22:21] [INFO ] (src/file_handler.c:149) Opened for overwrite (rb+): C:\Users\HP\OneDrive\图片\station.jpg
[2026-02-24 00:22:21] [INFO ] (src/ui.c:361) Running Decrypt with AES-256-GCM
[2026-02-24 00:22:21] [INFO ] (src/crypto_dispatcher.c:66) crypto_dispatch: algorithm='AES-256-GCM'  action='Decrypt'
[2026-02-24 00:22:21] [INFO ] (src/aes_gcm.c:64) aes_gcm_derive_key: key derived via SHA-256
[2026-02-24 00:22:21] [INFO ] (src/aes_gcm.c:320) aes_gcm_decrypt: success – 75056 plaintext bytes written
[2026-02-24 00:22:21] [INFO ] (src/ui.c:375) Operation succeeded: C:\Users\HP\OneDrive\图片\station.jpg -> C:\Users\HP\OneDrive\图片\station.jpg
[2026-02-24 00:24:04] [INFO ] (src/main.c:34) Application exiting with status 0
[2026-02-24 11:35:45] [INFO ] (src/main.c:18) === File Encryption Application starting ===
[2026-02-24 11:35:45] [INFO ] (src/main.c:19) AES mode: AES-256-GCM with random IV
[2026-02-24 11:35:46] [INFO ] (src/ui.c:640) Application window created and presented
[2026-02-24 11:35:52] [INFO ] (src/main.c:34) Application exiting with status 0
